mode: set
github.com/KonradHerman/roundtable/internal/games/registry.go:26.30,39.2 4 0
github.com/KonradHerman/roundtable/internal/games/registry.go:42.88,45.2 2 0
github.com/KonradHerman/roundtable/internal/games/registry.go:48.67,50.13 2 0
github.com/KonradHerman/roundtable/internal/games/registry.go:50.13,52.3 1 0
github.com/KonradHerman/roundtable/internal/games/registry.go:54.2,54.23 1 0
github.com/KonradHerman/roundtable/internal/games/registry.go:58.96,60.13 2 0
github.com/KonradHerman/roundtable/internal/games/registry.go:60.13,62.3 1 0
github.com/KonradHerman/roundtable/internal/games/registry.go:64.2,64.21 1 0
github.com/KonradHerman/roundtable/internal/games/registry.go:68.55,71.2 2 0
github.com/KonradHerman/roundtable/internal/games/registry.go:74.41,76.36 2 0
github.com/KonradHerman/roundtable/internal/games/registry.go:76.36,78.3 1 0
github.com/KonradHerman/roundtable/internal/games/registry.go:79.2,79.14 1 0
github.com/KonradHerman/roundtable/internal/games/registry.go:83.80,85.16 2 0
github.com/KonradHerman/roundtable/internal/games/registry.go:85.16,87.3 1 0
github.com/KonradHerman/roundtable/internal/games/registry.go:89.2,89.42 1 0
github.com/KonradHerman/roundtable/internal/games/registry.go:89.42,91.3 1 0
github.com/KonradHerman/roundtable/internal/games/registry.go:93.2,93.12 1 0
github.com/KonradHerman/roundtable/internal/core/event.go:30.117,32.16 2 0
github.com/KonradHerman/roundtable/internal/core/event.go:32.16,34.3 1 0
github.com/KonradHerman/roundtable/internal/core/event.go:36.2,43.8 1 0
github.com/KonradHerman/roundtable/internal/core/event.go:47.95,52.2 1 0
github.com/KonradHerman/roundtable/internal/core/event.go:55.116,61.2 1 0
github.com/KonradHerman/roundtable/internal/core/event.go:64.56,65.25 1 0
github.com/KonradHerman/roundtable/internal/core/event.go:65.25,67.3 1 0
github.com/KonradHerman/roundtable/internal/core/event.go:69.2,69.44 1 0
github.com/KonradHerman/roundtable/internal/core/event.go:69.44,70.21 1 0
github.com/KonradHerman/roundtable/internal/core/event.go:70.21,72.4 1 0
github.com/KonradHerman/roundtable/internal/core/event.go:75.2,75.14 1 0
github.com/KonradHerman/roundtable/internal/core/player.go:24.44,33.2 1 0
github.com/KonradHerman/roundtable/internal/core/player.go:36.35,40.2 3 0
github.com/KonradHerman/roundtable/internal/core/player.go:43.31,48.2 4 0
github.com/KonradHerman/roundtable/internal/core/player.go:51.30,56.2 4 0
github.com/KonradHerman/roundtable/internal/core/player.go:59.37,63.2 3 0
github.com/KonradHerman/roundtable/internal/core/player.go:66.44,70.2 3 0
github.com/KonradHerman/roundtable/internal/core/player.go:73.54,77.2 3 0
github.com/KonradHerman/roundtable/internal/core/player.go:81.36,83.2 1 0
github.com/KonradHerman/roundtable/internal/core/room.go:37.90,50.2 1 1
github.com/KonradHerman/roundtable/internal/core/room.go:53.48,57.35 3 1
github.com/KonradHerman/roundtable/internal/core/room.go:57.35,59.3 1 1
github.com/KonradHerman/roundtable/internal/core/room.go:61.2,61.36 1 1
github.com/KonradHerman/roundtable/internal/core/room.go:61.36,63.3 1 1
github.com/KonradHerman/roundtable/internal/core/room.go:65.2,65.47 1 1
github.com/KonradHerman/roundtable/internal/core/room.go:65.47,67.3 1 1
github.com/KonradHerman/roundtable/internal/core/room.go:69.2,70.12 2 1
github.com/KonradHerman/roundtable/internal/core/room.go:74.52,78.47 3 1
github.com/KonradHerman/roundtable/internal/core/room.go:78.47,80.3 1 1
github.com/KonradHerman/roundtable/internal/core/room.go:82.2,83.12 2 1
github.com/KonradHerman/roundtable/internal/core/room.go:87.60,92.13 4 1
github.com/KonradHerman/roundtable/internal/core/room.go:92.13,94.3 1 1
github.com/KonradHerman/roundtable/internal/core/room.go:96.2,96.20 1 1
github.com/KonradHerman/roundtable/internal/core/room.go:100.64,104.35 3 1
github.com/KonradHerman/roundtable/internal/core/room.go:104.35,105.35 1 1
github.com/KonradHerman/roundtable/internal/core/room.go:105.35,107.4 1 1
github.com/KonradHerman/roundtable/internal/core/room.go:110.2,110.49 1 1
github.com/KonradHerman/roundtable/internal/core/room.go:114.39,119.35 4 0
github.com/KonradHerman/roundtable/internal/core/room.go:119.35,121.3 1 0
github.com/KonradHerman/roundtable/internal/core/room.go:123.2,123.16 1 0
github.com/KonradHerman/roundtable/internal/core/room.go:127.45,132.2 3 0
github.com/KonradHerman/roundtable/internal/core/room.go:135.45,140.2 3 0
github.com/KonradHerman/roundtable/internal/core/room.go:143.49,148.2 3 0
github.com/KonradHerman/roundtable/internal/core/room.go:151.64,156.35 4 0
github.com/KonradHerman/roundtable/internal/core/room.go:156.35,157.35 1 0
github.com/KonradHerman/roundtable/internal/core/room.go:157.35,159.4 1 0
github.com/KonradHerman/roundtable/internal/core/room.go:162.2,162.17 1 0
github.com/KonradHerman/roundtable/internal/core/room.go:166.46,171.35 4 0
github.com/KonradHerman/roundtable/internal/core/room.go:171.35,172.30 1 0
github.com/KonradHerman/roundtable/internal/core/room.go:172.30,174.4 1 0
github.com/KonradHerman/roundtable/internal/core/room.go:177.2,177.17 1 0
github.com/KonradHerman/roundtable/internal/core/room.go:181.45,186.2 3 0
github.com/KonradHerman/roundtable/internal/core/room.go:189.62,193.35 3 0
github.com/KonradHerman/roundtable/internal/core/room.go:193.35,195.3 1 0
github.com/KonradHerman/roundtable/internal/core/room.go:198.2,199.35 2 0
github.com/KonradHerman/roundtable/internal/core/room.go:199.35,201.3 1 0
github.com/KonradHerman/roundtable/internal/core/room.go:203.2,204.16 2 0
github.com/KonradHerman/roundtable/internal/core/room.go:204.16,206.3 1 0
github.com/KonradHerman/roundtable/internal/core/room.go:209.2,212.37 2 0
github.com/KonradHerman/roundtable/internal/core/room.go:212.37,214.3 1 0
github.com/KonradHerman/roundtable/internal/core/room.go:216.2,220.12 4 0
github.com/KonradHerman/roundtable/internal/core/room.go:225.34,229.35 3 0
github.com/KonradHerman/roundtable/internal/core/room.go:229.35,231.3 1 0
github.com/KonradHerman/roundtable/internal/core/room.go:234.2,238.12 4 0
github.com/KonradHerman/roundtable/internal/core/room.go:242.83,246.35 3 0
github.com/KonradHerman/roundtable/internal/core/room.go:246.35,248.3 1 0
github.com/KonradHerman/roundtable/internal/core/room.go:250.2,250.19 1 0
github.com/KonradHerman/roundtable/internal/core/room.go:250.19,252.3 1 0
github.com/KonradHerman/roundtable/internal/core/room.go:255.2,255.64 1 0
github.com/KonradHerman/roundtable/internal/core/room.go:255.64,257.3 1 0
github.com/KonradHerman/roundtable/internal/core/room.go:260.2,261.16 2 0
github.com/KonradHerman/roundtable/internal/core/room.go:261.16,263.3 1 0
github.com/KonradHerman/roundtable/internal/core/room.go:266.2,269.25 2 0
github.com/KonradHerman/roundtable/internal/core/room.go:269.25,271.3 1 0
github.com/KonradHerman/roundtable/internal/core/room.go:273.2,273.20 1 0
github.com/KonradHerman/roundtable/internal/core/room.go:277.40,281.2 3 0
github.com/KonradHerman/roundtable/internal/core/room.go:284.59,288.35 3 0
github.com/KonradHerman/roundtable/internal/core/room.go:288.35,290.3 1 0
github.com/KonradHerman/roundtable/internal/core/room.go:293.2,295.15 3 0
github.com/KonradHerman/roundtable/internal/core/room.go:299.44,303.35 3 0
github.com/KonradHerman/roundtable/internal/core/room.go:303.35,304.27 1 0
github.com/KonradHerman/roundtable/internal/core/room.go:304.27,306.4 1 0
github.com/KonradHerman/roundtable/internal/core/room.go:308.2,308.14 1 0
github.com/KonradHerman/roundtable/internal/core/room.go:313.63,318.35 4 0
github.com/KonradHerman/roundtable/internal/core/room.go:318.35,319.27 1 0
github.com/KonradHerman/roundtable/internal/core/room.go:319.27,321.9 2 0
github.com/KonradHerman/roundtable/internal/core/room.go:325.2,325.44 1 0
github.com/KonradHerman/roundtable/internal/core/room.go:339.37,344.35 4 0
github.com/KonradHerman/roundtable/internal/core/room.go:344.35,355.3 2 0
github.com/KonradHerman/roundtable/internal/core/room.go:357.2,364.3 1 0
github.com/KonradHerman/roundtable/cmd/server/main.go:15.13,46.77 14 0
github.com/KonradHerman/roundtable/cmd/server/main.go:46.77,49.3 2 0
github.com/KonradHerman/roundtable/cmd/server/main.go:52.2,56.16 3 0
github.com/KonradHerman/roundtable/cmd/server/main.go:56.16,58.3 1 0
github.com/KonradHerman/roundtable/cmd/server/main.go:60.2,75.12 4 0
github.com/KonradHerman/roundtable/cmd/server/main.go:75.12,77.84 2 0
github.com/KonradHerman/roundtable/cmd/server/main.go:77.84,80.4 2 0
github.com/KonradHerman/roundtable/cmd/server/main.go:84.2,97.57 8 0
github.com/KonradHerman/roundtable/cmd/server/main.go:97.57,100.3 2 0
github.com/KonradHerman/roundtable/cmd/server/main.go:102.2,102.29 1 0
github.com/KonradHerman/roundtable/cmd/server/main.go:106.53,107.71 1 0
github.com/KonradHerman/roundtable/cmd/server/main.go:107.71,109.26 2 0
github.com/KonradHerman/roundtable/cmd/server/main.go:109.26,111.4 1 0
github.com/KonradHerman/roundtable/cmd/server/main.go:113.3,116.27 2 0
github.com/KonradHerman/roundtable/cmd/server/main.go:116.27,124.4 3 0
github.com/KonradHerman/roundtable/cmd/server/main.go:124.9,124.37 1 0
github.com/KonradHerman/roundtable/cmd/server/main.go:124.37,130.4 4 0
github.com/KonradHerman/roundtable/cmd/server/main.go:130.9,130.26 1 0
github.com/KonradHerman/roundtable/cmd/server/main.go:130.26,133.4 1 0
github.com/KonradHerman/roundtable/cmd/server/main.go:135.3,135.28 1 0
github.com/KonradHerman/roundtable/cmd/server/main.go:135.28,138.4 2 0
github.com/KonradHerman/roundtable/cmd/server/main.go:140.3,140.23 1 0
github.com/KonradHerman/roundtable/cmd/server/main.go:145.61,149.6 3 0
github.com/KonradHerman/roundtable/cmd/server/main.go:149.6,150.10 1 0
github.com/KonradHerman/roundtable/cmd/server/main.go:151.21,153.10 2 0
github.com/KonradHerman/roundtable/cmd/server/main.go:154.19,155.52 1 0
github.com/KonradHerman/roundtable/cmd/server/main.go:155.52,157.5 1 0
github.com/KonradHerman/roundtable/cmd/server/main.go:157.10,159.5 1 0
github.com/KonradHerman/roundtable/cmd/server/main.go:165.84,169.6 3 0
github.com/KonradHerman/roundtable/cmd/server/main.go:169.6,170.10 1 0
github.com/KonradHerman/roundtable/cmd/server/main.go:171.21,173.10 2 0
github.com/KonradHerman/roundtable/cmd/server/main.go:174.19,176.18 2 0
github.com/KonradHerman/roundtable/cmd/server/main.go:176.18,177.13 1 0
github.com/KonradHerman/roundtable/cmd/server/main.go:180.4,180.31 1 0
github.com/KonradHerman/roundtable/cmd/server/main.go:180.31,182.53 1 0
github.com/KonradHerman/roundtable/cmd/server/main.go:182.53,183.14 1 0
github.com/KonradHerman/roundtable/cmd/server/main.go:187.5,188.19 2 0
github.com/KonradHerman/roundtable/cmd/server/main.go:188.19,190.14 2 0
github.com/KonradHerman/roundtable/cmd/server/main.go:194.5,194.24 1 0
github.com/KonradHerman/roundtable/cmd/server/main.go:194.24,196.35 2 0
github.com/KonradHerman/roundtable/cmd/server/main.go:196.35,198.7 1 0
github.com/KonradHerman/roundtable/internal/games/avalon/config.go:16.36,18.2 1 0
github.com/KonradHerman/roundtable/internal/games/avalon/config.go:21.35,22.43 1 0
github.com/KonradHerman/roundtable/internal/games/avalon/config.go:22.43,24.3 1 0
github.com/KonradHerman/roundtable/internal/games/avalon/config.go:27.2,33.31 6 0
github.com/KonradHerman/roundtable/internal/games/avalon/config.go:33.31,34.23 1 0
github.com/KonradHerman/roundtable/internal/games/avalon/config.go:34.23,36.4 1 0
github.com/KonradHerman/roundtable/internal/games/avalon/config.go:36.9,36.30 1 0
github.com/KonradHerman/roundtable/internal/games/avalon/config.go:36.30,38.4 1 0
github.com/KonradHerman/roundtable/internal/games/avalon/config.go:38.9,40.4 1 0
github.com/KonradHerman/roundtable/internal/games/avalon/config.go:43.3,43.25 1 0
github.com/KonradHerman/roundtable/internal/games/avalon/config.go:43.25,45.4 1 0
github.com/KonradHerman/roundtable/internal/games/avalon/config.go:46.3,46.27 1 0
github.com/KonradHerman/roundtable/internal/games/avalon/config.go:46.27,48.4 1 0
github.com/KonradHerman/roundtable/internal/games/avalon/config.go:49.3,49.27 1 0
github.com/KonradHerman/roundtable/internal/games/avalon/config.go:49.27,51.4 1 0
github.com/KonradHerman/roundtable/internal/games/avalon/config.go:55.2,56.60 2 0
github.com/KonradHerman/roundtable/internal/games/avalon/config.go:56.60,61.3 1 0
github.com/KonradHerman/roundtable/internal/games/avalon/config.go:64.2,64.31 1 0
github.com/KonradHerman/roundtable/internal/games/avalon/config.go:64.31,66.3 1 0
github.com/KonradHerman/roundtable/internal/games/avalon/config.go:69.2,69.31 1 0
github.com/KonradHerman/roundtable/internal/games/avalon/config.go:69.31,71.3 1 0
github.com/KonradHerman/roundtable/internal/games/avalon/config.go:76.2,76.12 1 0
github.com/KonradHerman/roundtable/internal/games/avalon/config.go:80.33,82.2 1 0
github.com/KonradHerman/roundtable/internal/games/avalon/config.go:85.33,88.2 1 0
github.com/KonradHerman/roundtable/internal/games/avalon/config.go:91.65,92.21 1 0
github.com/KonradHerman/roundtable/internal/games/avalon/config.go:93.12,94.28 1 0
github.com/KonradHerman/roundtable/internal/games/avalon/config.go:95.15,96.28 1 0
github.com/KonradHerman/roundtable/internal/games/avalon/config.go:97.10,98.14 1 0
github.com/KonradHerman/roundtable/internal/games/avalon/config.go:99.10,100.14 1 0
github.com/KonradHerman/roundtable/internal/games/avalon/config.go:106.56,108.54 2 0
github.com/KonradHerman/roundtable/internal/games/avalon/config.go:108.54,110.3 1 0
github.com/KonradHerman/roundtable/internal/games/avalon/config.go:111.2,111.21 1 0
github.com/KonradHerman/roundtable/internal/games/avalon/config.go:116.45,129.33 7 0
github.com/KonradHerman/roundtable/internal/games/avalon/config.go:129.33,131.3 1 0
github.com/KonradHerman/roundtable/internal/games/avalon/config.go:134.2,134.33 1 0
github.com/KonradHerman/roundtable/internal/games/avalon/config.go:134.33,136.3 1 0
github.com/KonradHerman/roundtable/internal/games/avalon/config.go:138.2,138.30 1 0
github.com/KonradHerman/roundtable/internal/games/avalon/config.go:142.57,155.33 7 0
github.com/KonradHerman/roundtable/internal/games/avalon/config.go:155.33,157.3 1 0
github.com/KonradHerman/roundtable/internal/games/avalon/config.go:158.2,158.33 1 0
github.com/KonradHerman/roundtable/internal/games/avalon/config.go:158.33,160.3 1 0
github.com/KonradHerman/roundtable/internal/games/avalon/config.go:162.2,162.30 1 0
github.com/KonradHerman/roundtable/internal/games/avalon/game.go:50.26,60.2 1 0
github.com/KonradHerman/roundtable/internal/games/avalon/game.go:63.101,69.9 4 0
github.com/KonradHerman/roundtable/internal/games/avalon/game.go:69.9,71.3 1 0
github.com/KonradHerman/roundtable/internal/games/avalon/game.go:74.2,74.48 1 0
github.com/KonradHerman/roundtable/internal/games/avalon/game.go:74.48,76.3 1 0
github.com/KonradHerman/roundtable/internal/games/avalon/game.go:79.2,79.45 1 0
github.com/KonradHerman/roundtable/internal/games/avalon/game.go:79.45,81.3 1 0
github.com/KonradHerman/roundtable/internal/games/avalon/game.go:83.2,88.40 4 0
github.com/KonradHerman/roundtable/internal/games/avalon/game.go:88.40,90.3 1 0
github.com/KonradHerman/roundtable/internal/games/avalon/game.go:93.2,111.35 9 0
github.com/KonradHerman/roundtable/internal/games/avalon/game.go:111.35,125.3 6 0
github.com/KonradHerman/roundtable/internal/games/avalon/game.go:128.2,142.20 8 0
github.com/KonradHerman/roundtable/internal/games/avalon/game.go:146.36,151.54 3 0
github.com/KonradHerman/roundtable/internal/games/avalon/game.go:151.54,153.3 1 0
github.com/KonradHerman/roundtable/internal/games/avalon/game.go:156.2,156.35 1 0
github.com/KonradHerman/roundtable/internal/games/avalon/game.go:156.35,160.3 3 0
github.com/KonradHerman/roundtable/internal/games/avalon/game.go:163.2,163.35 1 0
github.com/KonradHerman/roundtable/internal/games/avalon/game.go:163.35,165.3 1 0
github.com/KonradHerman/roundtable/internal/games/avalon/game.go:167.2,167.12 1 0
github.com/KonradHerman/roundtable/internal/games/avalon/game.go:171.74,175.21 3 0
github.com/KonradHerman/roundtable/internal/games/avalon/game.go:176.26,177.33 1 0
github.com/KonradHerman/roundtable/internal/games/avalon/game.go:177.33,179.4 1 0
github.com/KonradHerman/roundtable/internal/games/avalon/game.go:180.3,180.31 1 0
github.com/KonradHerman/roundtable/internal/games/avalon/game.go:180.31,182.4 1 0
github.com/KonradHerman/roundtable/internal/games/avalon/game.go:184.22,185.35 1 0
github.com/KonradHerman/roundtable/internal/games/avalon/game.go:185.35,187.4 1 0
github.com/KonradHerman/roundtable/internal/games/avalon/game.go:188.3,188.34 1 0
github.com/KonradHerman/roundtable/internal/games/avalon/game.go:188.34,190.4 1 0
github.com/KonradHerman/roundtable/internal/games/avalon/game.go:192.19,193.33 1 0
github.com/KonradHerman/roundtable/internal/games/avalon/game.go:193.33,195.4 1 0
github.com/KonradHerman/roundtable/internal/games/avalon/game.go:196.3,196.53 1 0
github.com/KonradHerman/roundtable/internal/games/avalon/game.go:196.53,198.4 1 0
github.com/KonradHerman/roundtable/internal/games/avalon/game.go:200.25,201.32 1 0
github.com/KonradHerman/roundtable/internal/games/avalon/game.go:201.32,203.4 1 0
github.com/KonradHerman/roundtable/internal/games/avalon/game.go:204.3,204.36 1 0
github.com/KonradHerman/roundtable/internal/games/avalon/game.go:204.36,206.4 1 0
github.com/KonradHerman/roundtable/internal/games/avalon/game.go:207.3,207.56 1 0
github.com/KonradHerman/roundtable/internal/games/avalon/game.go:207.56,209.4 1 0
github.com/KonradHerman/roundtable/internal/games/avalon/game.go:211.21,212.36 1 0
github.com/KonradHerman/roundtable/internal/games/avalon/game.go:212.36,214.4 1 0
github.com/KonradHerman/roundtable/internal/games/avalon/game.go:215.3,215.40 1 0
github.com/KonradHerman/roundtable/internal/games/avalon/game.go:215.40,217.4 1 0
github.com/KonradHerman/roundtable/internal/games/avalon/game.go:218.3,218.29 1 0
github.com/KonradHerman/roundtable/internal/games/avalon/game.go:218.29,220.4 1 0
github.com/KonradHerman/roundtable/internal/games/avalon/game.go:222.10,223.60 1 0
github.com/KonradHerman/roundtable/internal/games/avalon/game.go:226.2,226.12 1 0
github.com/KonradHerman/roundtable/internal/games/avalon/game.go:230.93,234.21 3 0
github.com/KonradHerman/roundtable/internal/games/avalon/game.go:235.26,236.44 1 0
github.com/KonradHerman/roundtable/internal/games/avalon/game.go:237.22,238.56 1 0
github.com/KonradHerman/roundtable/internal/games/avalon/game.go:239.19,240.53 1 0
github.com/KonradHerman/roundtable/internal/games/avalon/game.go:241.25,242.58 1 0
github.com/KonradHerman/roundtable/internal/games/avalon/game.go:243.21,244.56 1 0
github.com/KonradHerman/roundtable/internal/games/avalon/game.go:245.10,246.65 1 0
github.com/KonradHerman/roundtable/internal/games/avalon/game.go:251.82,258.37 4 0
github.com/KonradHerman/roundtable/internal/games/avalon/game.go:258.37,259.10 1 0
github.com/KonradHerman/roundtable/internal/games/avalon/game.go:259.10,261.4 1 0
github.com/KonradHerman/roundtable/internal/games/avalon/game.go:265.2,274.29 4 0
github.com/KonradHerman/roundtable/internal/games/avalon/game.go:274.29,284.3 4 0
github.com/KonradHerman/roundtable/internal/games/avalon/game.go:286.2,286.20 1 0
github.com/KonradHerman/roundtable/internal/games/avalon/game.go:290.103,294.55 2 0
github.com/KonradHerman/roundtable/internal/games/avalon/game.go:294.55,296.3 1 0
github.com/KonradHerman/roundtable/internal/games/avalon/game.go:299.2,300.43 2 0
github.com/KonradHerman/roundtable/internal/games/avalon/game.go:300.43,302.3 1 0
github.com/KonradHerman/roundtable/internal/games/avalon/game.go:305.2,306.30 2 0
github.com/KonradHerman/roundtable/internal/games/avalon/game.go:306.30,308.3 1 0
github.com/KonradHerman/roundtable/internal/games/avalon/game.go:309.2,309.44 1 0
github.com/KonradHerman/roundtable/internal/games/avalon/game.go:309.44,310.27 1 0
github.com/KonradHerman/roundtable/internal/games/avalon/game.go:310.27,312.4 1 0
github.com/KonradHerman/roundtable/internal/games/avalon/game.go:315.2,339.20 11 0
github.com/KonradHerman/roundtable/internal/games/avalon/game.go:343.100,347.55 2 0
github.com/KonradHerman/roundtable/internal/games/avalon/game.go:347.55,349.3 1 0
github.com/KonradHerman/roundtable/internal/games/avalon/game.go:351.2,352.47 2 0
github.com/KonradHerman/roundtable/internal/games/avalon/game.go:352.47,354.3 1 0
github.com/KonradHerman/roundtable/internal/games/avalon/game.go:356.2,375.40 9 0
github.com/KonradHerman/roundtable/internal/games/avalon/game.go:375.40,379.33 3 0
github.com/KonradHerman/roundtable/internal/games/avalon/game.go:379.33,380.24 1 0
github.com/KonradHerman/roundtable/internal/games/avalon/game.go:380.24,382.5 1 0
github.com/KonradHerman/roundtable/internal/games/avalon/game.go:382.10,384.5 1 0
github.com/KonradHerman/roundtable/internal/games/avalon/game.go:387.3,400.15 5 0
github.com/KonradHerman/roundtable/internal/games/avalon/game.go:400.15,413.4 6 0
github.com/KonradHerman/roundtable/internal/games/avalon/game.go:413.9,418.29 2 0
github.com/KonradHerman/roundtable/internal/games/avalon/game.go:418.29,427.5 5 0
github.com/KonradHerman/roundtable/internal/games/avalon/game.go:427.10,448.5 8 0
github.com/KonradHerman/roundtable/internal/games/avalon/game.go:452.2,452.20 1 0
github.com/KonradHerman/roundtable/internal/games/avalon/game.go:456.105,460.55 2 0
github.com/KonradHerman/roundtable/internal/games/avalon/game.go:460.55,462.3 1 0
github.com/KonradHerman/roundtable/internal/games/avalon/game.go:464.2,465.45 2 0
github.com/KonradHerman/roundtable/internal/games/avalon/game.go:465.45,467.3 1 0
github.com/KonradHerman/roundtable/internal/games/avalon/game.go:470.2,470.58 1 0
github.com/KonradHerman/roundtable/internal/games/avalon/game.go:470.58,472.3 1 0
github.com/KonradHerman/roundtable/internal/games/avalon/game.go:474.2,493.46 9 0
github.com/KonradHerman/roundtable/internal/games/avalon/game.go:493.46,496.37 2 0
github.com/KonradHerman/roundtable/internal/games/avalon/game.go:496.37,498.4 1 0
github.com/KonradHerman/roundtable/internal/games/avalon/game.go:499.3,503.30 3 0
github.com/KonradHerman/roundtable/internal/games/avalon/game.go:503.30,504.24 1 0
github.com/KonradHerman/roundtable/internal/games/avalon/game.go:504.24,506.5 1 0
github.com/KonradHerman/roundtable/internal/games/avalon/game.go:510.3,543.20 9 0
github.com/KonradHerman/roundtable/internal/games/avalon/game.go:543.20,545.36 1 0
github.com/KonradHerman/roundtable/internal/games/avalon/game.go:545.36,553.5 4 0
github.com/KonradHerman/roundtable/internal/games/avalon/game.go:553.10,561.5 5 0
github.com/KonradHerman/roundtable/internal/games/avalon/game.go:563.9,563.27 1 0
github.com/KonradHerman/roundtable/internal/games/avalon/game.go:563.27,572.4 5 0
github.com/KonradHerman/roundtable/internal/games/avalon/game.go:572.9,593.4 10 0
github.com/KonradHerman/roundtable/internal/games/avalon/game.go:596.2,596.20 1 0
github.com/KonradHerman/roundtable/internal/games/avalon/game.go:600.103,604.55 2 0
github.com/KonradHerman/roundtable/internal/games/avalon/game.go:604.55,606.3 1 0
github.com/KonradHerman/roundtable/internal/games/avalon/game.go:609.2,610.30 2 0
github.com/KonradHerman/roundtable/internal/games/avalon/game.go:610.30,611.28 1 0
github.com/KonradHerman/roundtable/internal/games/avalon/game.go:611.28,613.9 2 0
github.com/KonradHerman/roundtable/internal/games/avalon/game.go:616.2,616.19 1 0
github.com/KonradHerman/roundtable/internal/games/avalon/game.go:616.19,618.3 1 0
github.com/KonradHerman/roundtable/internal/games/avalon/game.go:620.2,646.15 11 0
github.com/KonradHerman/roundtable/internal/games/avalon/game.go:646.15,649.3 2 0
github.com/KonradHerman/roundtable/internal/games/avalon/game.go:649.8,652.3 2 0
github.com/KonradHerman/roundtable/internal/games/avalon/game.go:654.2,659.20 4 0
github.com/KonradHerman/roundtable/internal/games/avalon/game.go:664.31,667.2 2 0
github.com/KonradHerman/roundtable/internal/games/avalon/game.go:669.55,670.36 1 0
github.com/KonradHerman/roundtable/internal/games/avalon/game.go:670.36,671.21 1 0
github.com/KonradHerman/roundtable/internal/games/avalon/game.go:671.21,673.4 1 0
github.com/KonradHerman/roundtable/internal/games/avalon/game.go:675.2,675.14 1 0
github.com/KonradHerman/roundtable/internal/games/avalon/game.go:678.53,679.42 1 0
github.com/KonradHerman/roundtable/internal/games/avalon/game.go:679.42,681.3 1 0
github.com/KonradHerman/roundtable/internal/games/avalon/game.go:684.60,704.2 8 0
github.com/KonradHerman/roundtable/internal/games/avalon/game.go:708.65,733.2 4 0
github.com/KonradHerman/roundtable/internal/games/avalon/game.go:735.50,758.2 4 0
github.com/KonradHerman/roundtable/internal/games/avalon/game.go:760.43,762.37 2 0
github.com/KonradHerman/roundtable/internal/games/avalon/game.go:762.37,763.10 1 0
github.com/KonradHerman/roundtable/internal/games/avalon/game.go:763.10,765.4 1 0
github.com/KonradHerman/roundtable/internal/games/avalon/game.go:767.2,767.14 1 0
github.com/KonradHerman/roundtable/internal/games/avalon/game.go:770.42,779.2 3 0
github.com/KonradHerman/roundtable/internal/games/avalon/game.go:781.41,782.17 1 0
github.com/KonradHerman/roundtable/internal/games/avalon/game.go:783.18,784.30 1 0
github.com/KonradHerman/roundtable/internal/games/avalon/game.go:785.23,786.28 1 0
github.com/KonradHerman/roundtable/internal/games/avalon/game.go:787.25,788.69 1 0
github.com/KonradHerman/roundtable/internal/games/avalon/game.go:789.23,790.46 1 0
github.com/KonradHerman/roundtable/internal/games/avalon/game.go:791.22,792.47 1 0
github.com/KonradHerman/roundtable/internal/games/avalon/game.go:793.25,794.34 1 0
github.com/KonradHerman/roundtable/internal/games/avalon/game.go:795.26,796.52 1 0
github.com/KonradHerman/roundtable/internal/games/avalon/game.go:797.21,798.25 1 0
github.com/KonradHerman/roundtable/internal/games/avalon/game.go:799.10,800.12 1 0
github.com/KonradHerman/roundtable/internal/games/avalon/game.go:804.34,809.2 3 0
github.com/KonradHerman/roundtable/internal/games/avalon/game.go:811.46,816.35 4 0
github.com/KonradHerman/roundtable/internal/games/avalon/game.go:816.35,817.42 1 0
github.com/KonradHerman/roundtable/internal/games/avalon/game.go:817.42,819.4 1 0
github.com/KonradHerman/roundtable/internal/games/avalon/game.go:822.2,830.3 1 0
github.com/KonradHerman/roundtable/internal/games/avalon/game.go:833.62,836.2 1 0
github.com/KonradHerman/roundtable/internal/games/avalon/quests.go:21.50,23.9 2 0
github.com/KonradHerman/roundtable/internal/games/avalon/quests.go:23.9,26.3 1 0
github.com/KonradHerman/roundtable/internal/games/avalon/quests.go:27.2,27.15 1 0
github.com/KonradHerman/roundtable/internal/games/avalon/quests.go:31.64,33.40 2 0
github.com/KonradHerman/roundtable/internal/games/avalon/quests.go:33.40,35.3 1 0
github.com/KonradHerman/roundtable/internal/games/avalon/quests.go:36.2,36.40 1 0
github.com/KonradHerman/roundtable/internal/games/avalon/quests.go:41.61,42.42 1 0
github.com/KonradHerman/roundtable/internal/games/avalon/quests.go:42.42,44.3 1 0
github.com/KonradHerman/roundtable/internal/games/avalon/quests.go:45.2,45.10 1 0
github.com/KonradHerman/roundtable/internal/games/avalon/quests.go:49.62,51.2 1 0
github.com/KonradHerman/roundtable/internal/games/avalon/roles.go:10.34,11.22 1 0
github.com/KonradHerman/roundtable/internal/games/avalon/roles.go:11.22,13.3 1 0
github.com/KonradHerman/roundtable/internal/games/avalon/roles.go:14.2,14.17 1 0
github.com/KonradHerman/roundtable/internal/games/avalon/roles.go:24.83,27.14 2 0
github.com/KonradHerman/roundtable/internal/games/avalon/roles.go:28.18,30.29 1 0
github.com/KonradHerman/roundtable/internal/games/avalon/roles.go:30.29,31.60 1 0
github.com/KonradHerman/roundtable/internal/games/avalon/roles.go:31.60,33.5 1 0
github.com/KonradHerman/roundtable/internal/games/avalon/roles.go:36.20,38.29 1 0
github.com/KonradHerman/roundtable/internal/games/avalon/roles.go:38.29,39.64 1 0
github.com/KonradHerman/roundtable/internal/games/avalon/roles.go:39.64,41.5 1 0
github.com/KonradHerman/roundtable/internal/games/avalon/roles.go:44.67,46.29 1 0
github.com/KonradHerman/roundtable/internal/games/avalon/roles.go:46.29,47.59 1 0
github.com/KonradHerman/roundtable/internal/games/avalon/roles.go:47.59,49.5 1 0
github.com/KonradHerman/roundtable/internal/games/avalon/roles.go:52.18,52.18 0 0
github.com/KonradHerman/roundtable/internal/games/avalon/roles.go:56.24,56.24 0 0
github.com/KonradHerman/roundtable/internal/games/avalon/roles.go:60.10,60.10 0 0
github.com/KonradHerman/roundtable/internal/games/avalon/roles.go:65.2,65.18 1 0
github.com/KonradHerman/roundtable/internal/games/avalon/roles.go:69.45,71.29 2 0
github.com/KonradHerman/roundtable/internal/games/avalon/roles.go:71.29,75.17 3 0
github.com/KonradHerman/roundtable/internal/games/avalon/roles.go:75.17,77.4 1 0
github.com/KonradHerman/roundtable/internal/games/avalon/roles.go:78.3,81.42 2 0
github.com/KonradHerman/roundtable/internal/games/avalon/roles.go:83.2,83.12 1 0
github.com/KonradHerman/roundtable/internal/games/avalon/roles.go:87.53,88.26 1 0
github.com/KonradHerman/roundtable/internal/games/avalon/roles.go:88.26,89.16 1 0
github.com/KonradHerman/roundtable/internal/games/avalon/roles.go:89.16,91.4 1 0
github.com/KonradHerman/roundtable/internal/games/avalon/roles.go:93.2,93.14 1 0
github.com/KonradHerman/roundtable/internal/games/avalon/roles.go:97.65,98.28 1 0
github.com/KonradHerman/roundtable/internal/games/avalon/roles.go:98.28,99.16 1 0
github.com/KonradHerman/roundtable/internal/games/avalon/roles.go:99.16,101.4 1 0
github.com/KonradHerman/roundtable/internal/games/avalon/roles.go:103.2,103.11 1 0
github.com/KonradHerman/roundtable/internal/games/avalon/roles.go:107.74,108.33 1 0
github.com/KonradHerman/roundtable/internal/games/avalon/roles.go:108.33,109.21 1 0
github.com/KonradHerman/roundtable/internal/games/avalon/roles.go:109.21,111.4 1 0
github.com/KonradHerman/roundtable/internal/games/avalon/roles.go:111.9,113.4 1 0
github.com/KonradHerman/roundtable/internal/games/avalon/roles.go:115.2,115.8 1 0
github.com/KonradHerman/roundtable/internal/games/avalon/roles.go:119.43,131.2 2 0
github.com/KonradHerman/roundtable/internal/games/werewolf/config.go:19.36,21.2 1 0
github.com/KonradHerman/roundtable/internal/games/werewolf/config.go:24.35,25.23 1 1
github.com/KonradHerman/roundtable/internal/games/werewolf/config.go:25.23,27.3 1 1
github.com/KonradHerman/roundtable/internal/games/werewolf/config.go:30.2,31.31 2 1
github.com/KonradHerman/roundtable/internal/games/werewolf/config.go:31.31,32.27 1 1
github.com/KonradHerman/roundtable/internal/games/werewolf/config.go:32.27,34.9 2 1
github.com/KonradHerman/roundtable/internal/games/werewolf/config.go:38.2,38.18 1 1
github.com/KonradHerman/roundtable/internal/games/werewolf/config.go:38.18,40.3 1 1
github.com/KonradHerman/roundtable/internal/games/werewolf/config.go:43.2,43.26 1 1
github.com/KonradHerman/roundtable/internal/games/werewolf/config.go:43.26,45.3 1 1
github.com/KonradHerman/roundtable/internal/games/werewolf/config.go:47.2,47.24 1 1
github.com/KonradHerman/roundtable/internal/games/werewolf/config.go:47.24,49.3 1 1
github.com/KonradHerman/roundtable/internal/games/werewolf/config.go:51.2,51.12 1 1
github.com/KonradHerman/roundtable/internal/games/werewolf/config.go:55.56,57.54 2 0
github.com/KonradHerman/roundtable/internal/games/werewolf/config.go:57.54,59.3 1 0
github.com/KonradHerman/roundtable/internal/games/werewolf/config.go:61.2,61.21 1 0
github.com/KonradHerman/roundtable/internal/games/werewolf/config.go:82.41,84.2 1 1
github.com/KonradHerman/roundtable/internal/games/werewolf/config.go:87.40,89.2 1 1
github.com/KonradHerman/roundtable/internal/games/werewolf/config.go:92.41,93.11 1 1
github.com/KonradHerman/roundtable/internal/games/werewolf/config.go:94.72,95.14 1 1
github.com/KonradHerman/roundtable/internal/games/werewolf/config.go:96.10,97.15 1 1
github.com/KonradHerman/roundtable/internal/games/werewolf/game.go:43.26,55.2 1 1
github.com/KonradHerman/roundtable/internal/games/werewolf/game.go:58.39,60.2 1 0
github.com/KonradHerman/roundtable/internal/games/werewolf/game.go:63.101,65.9 2 1
github.com/KonradHerman/roundtable/internal/games/werewolf/game.go:65.9,67.3 1 0
github.com/KonradHerman/roundtable/internal/games/werewolf/game.go:69.2,69.43 1 1
github.com/KonradHerman/roundtable/internal/games/werewolf/game.go:69.43,71.3 1 0
github.com/KonradHerman/roundtable/internal/games/werewolf/game.go:74.2,75.41 2 1
github.com/KonradHerman/roundtable/internal/games/werewolf/game.go:75.41,77.3 1 1
github.com/KonradHerman/roundtable/internal/games/werewolf/game.go:79.2,80.33 2 1
github.com/KonradHerman/roundtable/internal/games/werewolf/game.go:80.33,82.3 1 1
github.com/KonradHerman/roundtable/internal/games/werewolf/game.go:85.2,100.33 7 1
github.com/KonradHerman/roundtable/internal/games/werewolf/game.go:100.33,109.3 5 1
github.com/KonradHerman/roundtable/internal/games/werewolf/game.go:112.2,126.20 6 1
github.com/KonradHerman/roundtable/internal/games/werewolf/game.go:130.74,132.13 2 0
github.com/KonradHerman/roundtable/internal/games/werewolf/game.go:132.13,134.3 1 0
github.com/KonradHerman/roundtable/internal/games/werewolf/game.go:136.2,136.21 1 0
github.com/KonradHerman/roundtable/internal/games/werewolf/game.go:137.26,138.33 1 0
github.com/KonradHerman/roundtable/internal/games/werewolf/game.go:138.33,140.4 1 0
github.com/KonradHerman/roundtable/internal/games/werewolf/game.go:141.3,141.39 1 0
github.com/KonradHerman/roundtable/internal/games/werewolf/game.go:141.39,143.4 1 0
github.com/KonradHerman/roundtable/internal/games/werewolf/game.go:144.3,144.13 1 0
github.com/KonradHerman/roundtable/internal/games/werewolf/game.go:146.23,149.13 1 0
github.com/KonradHerman/roundtable/internal/games/werewolf/game.go:151.28,152.26 1 0
github.com/KonradHerman/roundtable/internal/games/werewolf/game.go:152.26,154.4 1 0
github.com/KonradHerman/roundtable/internal/games/werewolf/game.go:155.3,155.13 1 0
github.com/KonradHerman/roundtable/internal/games/werewolf/game.go:157.22,158.26 1 0
github.com/KonradHerman/roundtable/internal/games/werewolf/game.go:158.26,160.4 1 0
github.com/KonradHerman/roundtable/internal/games/werewolf/game.go:161.3,161.13 1 0
github.com/KonradHerman/roundtable/internal/games/werewolf/game.go:163.22,164.26 1 0
github.com/KonradHerman/roundtable/internal/games/werewolf/game.go:164.26,166.4 1 0
github.com/KonradHerman/roundtable/internal/games/werewolf/game.go:167.3,167.21 1 0
github.com/KonradHerman/roundtable/internal/games/werewolf/game.go:167.21,169.4 1 0
github.com/KonradHerman/roundtable/internal/games/werewolf/game.go:170.3,170.13 1 0
github.com/KonradHerman/roundtable/internal/games/werewolf/game.go:172.14,173.26 1 0
github.com/KonradHerman/roundtable/internal/games/werewolf/game.go:173.26,175.4 1 0
github.com/KonradHerman/roundtable/internal/games/werewolf/game.go:177.3,177.13 1 0
github.com/KonradHerman/roundtable/internal/games/werewolf/game.go:180.30,181.28 1 0
github.com/KonradHerman/roundtable/internal/games/werewolf/game.go:181.28,183.4 1 0
github.com/KonradHerman/roundtable/internal/games/werewolf/game.go:184.3,185.27 2 0
github.com/KonradHerman/roundtable/internal/games/werewolf/game.go:185.27,187.4 1 0
github.com/KonradHerman/roundtable/internal/games/werewolf/game.go:189.3,190.39 2 0
github.com/KonradHerman/roundtable/internal/games/werewolf/game.go:190.39,191.25 1 0
github.com/KonradHerman/roundtable/internal/games/werewolf/game.go:191.25,193.5 1 0
github.com/KonradHerman/roundtable/internal/games/werewolf/game.go:195.3,195.25 1 0
github.com/KonradHerman/roundtable/internal/games/werewolf/game.go:195.25,197.4 1 0
github.com/KonradHerman/roundtable/internal/games/werewolf/game.go:198.3,198.43 1 0
github.com/KonradHerman/roundtable/internal/games/werewolf/game.go:198.43,200.4 1 0
github.com/KonradHerman/roundtable/internal/games/werewolf/game.go:201.3,201.13 1 0
github.com/KonradHerman/roundtable/internal/games/werewolf/game.go:203.26,204.28 1 0
github.com/KonradHerman/roundtable/internal/games/werewolf/game.go:204.28,206.4 1 0
github.com/KonradHerman/roundtable/internal/games/werewolf/game.go:207.3,207.46 1 0
github.com/KonradHerman/roundtable/internal/games/werewolf/game.go:207.46,209.4 1 0
github.com/KonradHerman/roundtable/internal/games/werewolf/game.go:210.3,210.39 1 0
github.com/KonradHerman/roundtable/internal/games/werewolf/game.go:210.39,212.4 1 0
github.com/KonradHerman/roundtable/internal/games/werewolf/game.go:213.3,213.13 1 0
github.com/KonradHerman/roundtable/internal/games/werewolf/game.go:215.26,216.28 1 0
github.com/KonradHerman/roundtable/internal/games/werewolf/game.go:216.28,218.4 1 0
github.com/KonradHerman/roundtable/internal/games/werewolf/game.go:219.3,219.46 1 0
github.com/KonradHerman/roundtable/internal/games/werewolf/game.go:219.46,221.4 1 0
github.com/KonradHerman/roundtable/internal/games/werewolf/game.go:222.3,222.39 1 0
github.com/KonradHerman/roundtable/internal/games/werewolf/game.go:222.39,224.4 1 0
github.com/KonradHerman/roundtable/internal/games/werewolf/game.go:225.3,225.13 1 0
github.com/KonradHerman/roundtable/internal/games/werewolf/game.go:227.21,228.28 1 0
github.com/KonradHerman/roundtable/internal/games/werewolf/game.go:228.28,230.4 1 0
github.com/KonradHerman/roundtable/internal/games/werewolf/game.go:231.3,231.48 1 0
github.com/KonradHerman/roundtable/internal/games/werewolf/game.go:231.48,233.4 1 0
github.com/KonradHerman/roundtable/internal/games/werewolf/game.go:234.3,234.41 1 0
github.com/KonradHerman/roundtable/internal/games/werewolf/game.go:234.41,236.4 1 0
github.com/KonradHerman/roundtable/internal/games/werewolf/game.go:237.3,237.13 1 0
github.com/KonradHerman/roundtable/internal/games/werewolf/game.go:239.27,240.28 1 0
github.com/KonradHerman/roundtable/internal/games/werewolf/game.go:240.28,242.4 1 0
github.com/KonradHerman/roundtable/internal/games/werewolf/game.go:243.3,243.54 1 0
github.com/KonradHerman/roundtable/internal/games/werewolf/game.go:243.54,245.4 1 0
github.com/KonradHerman/roundtable/internal/games/werewolf/game.go:246.3,246.47 1 0
github.com/KonradHerman/roundtable/internal/games/werewolf/game.go:246.47,248.4 1 0
github.com/KonradHerman/roundtable/internal/games/werewolf/game.go:249.3,249.13 1 0
github.com/KonradHerman/roundtable/internal/games/werewolf/game.go:251.20,252.28 1 0
github.com/KonradHerman/roundtable/internal/games/werewolf/game.go:252.28,254.4 1 0
github.com/KonradHerman/roundtable/internal/games/werewolf/game.go:255.3,255.47 1 0
github.com/KonradHerman/roundtable/internal/games/werewolf/game.go:255.47,257.4 1 0
github.com/KonradHerman/roundtable/internal/games/werewolf/game.go:258.3,258.40 1 0
github.com/KonradHerman/roundtable/internal/games/werewolf/game.go:258.40,260.4 1 0
github.com/KonradHerman/roundtable/internal/games/werewolf/game.go:261.3,261.13 1 0
github.com/KonradHerman/roundtable/internal/games/werewolf/game.go:263.10,264.60 1 0
github.com/KonradHerman/roundtable/internal/games/werewolf/game.go:269.93,272.21 2 0
github.com/KonradHerman/roundtable/internal/games/werewolf/game.go:273.26,285.52 4 0
github.com/KonradHerman/roundtable/internal/games/werewolf/game.go:285.52,287.18 2 0
github.com/KonradHerman/roundtable/internal/games/werewolf/game.go:287.18,289.5 1 0
github.com/KonradHerman/roundtable/internal/games/werewolf/game.go:290.4,290.43 1 0
github.com/KonradHerman/roundtable/internal/games/werewolf/game.go:293.23,295.28 1 0
github.com/KonradHerman/roundtable/internal/games/werewolf/game.go:295.28,297.18 2 0
github.com/KonradHerman/roundtable/internal/games/werewolf/game.go:297.18,299.5 1 0
github.com/KonradHerman/roundtable/internal/games/werewolf/game.go:300.4,300.41 1 0
github.com/KonradHerman/roundtable/internal/games/werewolf/game.go:303.28,319.38 5 0
github.com/KonradHerman/roundtable/internal/games/werewolf/game.go:321.22,326.71 2 0
github.com/KonradHerman/roundtable/internal/games/werewolf/game.go:326.71,328.4 1 0
github.com/KonradHerman/roundtable/internal/games/werewolf/game.go:330.3,331.20 2 0
github.com/KonradHerman/roundtable/internal/games/werewolf/game.go:331.20,333.4 1 0
github.com/KonradHerman/roundtable/internal/games/werewolf/game.go:335.3,336.17 2 0
github.com/KonradHerman/roundtable/internal/games/werewolf/game.go:336.17,338.4 1 0
github.com/KonradHerman/roundtable/internal/games/werewolf/game.go:339.3,339.42 1 0
github.com/KonradHerman/roundtable/internal/games/werewolf/game.go:341.22,345.72 2 0
github.com/KonradHerman/roundtable/internal/games/werewolf/game.go:345.72,347.4 1 0
github.com/KonradHerman/roundtable/internal/games/werewolf/game.go:349.3,349.33 1 0
github.com/KonradHerman/roundtable/internal/games/werewolf/game.go:349.33,351.4 1 0
github.com/KonradHerman/roundtable/internal/games/werewolf/game.go:353.3,354.17 2 0
github.com/KonradHerman/roundtable/internal/games/werewolf/game.go:354.17,356.4 1 0
github.com/KonradHerman/roundtable/internal/games/werewolf/game.go:357.3,357.43 1 0
github.com/KonradHerman/roundtable/internal/games/werewolf/game.go:359.14,361.70 2 0
github.com/KonradHerman/roundtable/internal/games/werewolf/game.go:361.70,363.4 1 0
github.com/KonradHerman/roundtable/internal/games/werewolf/game.go:365.3,374.37 4 0
github.com/KonradHerman/roundtable/internal/games/werewolf/game.go:374.37,389.4 6 0
github.com/KonradHerman/roundtable/internal/games/werewolf/game.go:392.30,394.66 2 0
github.com/KonradHerman/roundtable/internal/games/werewolf/game.go:394.66,396.4 1 0
github.com/KonradHerman/roundtable/internal/games/werewolf/game.go:398.3,398.75 1 0
github.com/KonradHerman/roundtable/internal/games/werewolf/game.go:398.75,400.4 1 0
github.com/KonradHerman/roundtable/internal/games/werewolf/game.go:402.3,409.39 3 0
github.com/KonradHerman/roundtable/internal/games/werewolf/game.go:411.26,413.66 2 0
github.com/KonradHerman/roundtable/internal/games/werewolf/game.go:413.66,415.4 1 0
github.com/KonradHerman/roundtable/internal/games/werewolf/game.go:418.3,419.14 2 0
github.com/KonradHerman/roundtable/internal/games/werewolf/game.go:419.14,421.4 1 0
github.com/KonradHerman/roundtable/internal/games/werewolf/game.go:422.3,422.35 1 0
github.com/KonradHerman/roundtable/internal/games/werewolf/game.go:422.35,424.4 1 0
github.com/KonradHerman/roundtable/internal/games/werewolf/game.go:426.3,433.39 3 0
github.com/KonradHerman/roundtable/internal/games/werewolf/game.go:435.26,437.66 2 0
github.com/KonradHerman/roundtable/internal/games/werewolf/game.go:437.66,439.4 1 0
github.com/KonradHerman/roundtable/internal/games/werewolf/game.go:441.3,441.38 1 0
github.com/KonradHerman/roundtable/internal/games/werewolf/game.go:441.38,443.4 1 0
github.com/KonradHerman/roundtable/internal/games/werewolf/game.go:445.3,445.45 1 0
github.com/KonradHerman/roundtable/internal/games/werewolf/game.go:445.45,446.44 1 0
github.com/KonradHerman/roundtable/internal/games/werewolf/game.go:446.44,448.5 1 0
github.com/KonradHerman/roundtable/internal/games/werewolf/game.go:451.3,460.45 3 0
github.com/KonradHerman/roundtable/internal/games/werewolf/game.go:460.45,463.4 2 0
github.com/KonradHerman/roundtable/internal/games/werewolf/game.go:466.3,467.39 2 0
github.com/KonradHerman/roundtable/internal/games/werewolf/game.go:469.21,471.66 2 0
github.com/KonradHerman/roundtable/internal/games/werewolf/game.go:471.66,473.4 1 0
github.com/KonradHerman/roundtable/internal/games/werewolf/game.go:476.3,476.35 1 0
github.com/KonradHerman/roundtable/internal/games/werewolf/game.go:476.35,478.4 1 0
github.com/KonradHerman/roundtable/internal/games/werewolf/game.go:479.3,479.64 1 0
github.com/KonradHerman/roundtable/internal/games/werewolf/game.go:479.64,481.4 1 0
github.com/KonradHerman/roundtable/internal/games/werewolf/game.go:484.3,496.39 7 0
github.com/KonradHerman/roundtable/internal/games/werewolf/game.go:498.27,500.66 2 0
github.com/KonradHerman/roundtable/internal/games/werewolf/game.go:500.66,502.4 1 0
github.com/KonradHerman/roundtable/internal/games/werewolf/game.go:505.3,505.69 1 0
github.com/KonradHerman/roundtable/internal/games/werewolf/game.go:505.69,507.4 1 0
github.com/KonradHerman/roundtable/internal/games/werewolf/game.go:508.3,508.45 1 0
github.com/KonradHerman/roundtable/internal/games/werewolf/game.go:508.45,510.4 1 0
github.com/KonradHerman/roundtable/internal/games/werewolf/game.go:511.3,511.65 1 0
github.com/KonradHerman/roundtable/internal/games/werewolf/game.go:511.65,513.4 1 0
github.com/KonradHerman/roundtable/internal/games/werewolf/game.go:514.3,514.65 1 0
github.com/KonradHerman/roundtable/internal/games/werewolf/game.go:514.65,516.4 1 0
github.com/KonradHerman/roundtable/internal/games/werewolf/game.go:519.3,531.40 7 0
github.com/KonradHerman/roundtable/internal/games/werewolf/game.go:533.20,535.66 2 0
github.com/KonradHerman/roundtable/internal/games/werewolf/game.go:535.66,537.4 1 0
github.com/KonradHerman/roundtable/internal/games/werewolf/game.go:539.3,539.75 1 0
github.com/KonradHerman/roundtable/internal/games/werewolf/game.go:539.75,541.4 1 0
github.com/KonradHerman/roundtable/internal/games/werewolf/game.go:544.3,555.40 7 0
github.com/KonradHerman/roundtable/internal/games/werewolf/game.go:557.10,558.65 1 0
github.com/KonradHerman/roundtable/internal/games/werewolf/game.go:561.2,561.20 1 0
github.com/KonradHerman/roundtable/internal/games/werewolf/game.go:565.65,578.2 3 1
github.com/KonradHerman/roundtable/internal/games/werewolf/game.go:581.50,590.2 1 1
github.com/KonradHerman/roundtable/internal/games/werewolf/game.go:593.42,598.2 1 1
github.com/KonradHerman/roundtable/internal/games/werewolf/game.go:602.34,604.2 1 1
github.com/KonradHerman/roundtable/internal/games/werewolf/game.go:607.46,609.2 1 0
github.com/KonradHerman/roundtable/internal/games/werewolf/game.go:612.52,615.35 2 0
github.com/KonradHerman/roundtable/internal/games/werewolf/game.go:615.35,617.3 1 0
github.com/KonradHerman/roundtable/internal/games/werewolf/game.go:620.2,622.42 3 0
github.com/KonradHerman/roundtable/internal/games/werewolf/game.go:622.42,623.23 1 0
github.com/KonradHerman/roundtable/internal/games/werewolf/game.go:623.23,626.4 2 0
github.com/KonradHerman/roundtable/internal/games/werewolf/game.go:626.9,626.31 1 0
github.com/KonradHerman/roundtable/internal/games/werewolf/game.go:626.31,628.4 1 0
github.com/KonradHerman/roundtable/internal/games/werewolf/game.go:632.2,633.38 2 0
github.com/KonradHerman/roundtable/internal/games/werewolf/game.go:633.38,635.28 2 0
github.com/KonradHerman/roundtable/internal/games/werewolf/game.go:635.28,637.4 1 0
github.com/KonradHerman/roundtable/internal/games/werewolf/game.go:640.2,643.18 3 0
github.com/KonradHerman/roundtable/internal/games/werewolf/game.go:643.18,645.49 1 0
github.com/KonradHerman/roundtable/internal/games/werewolf/game.go:645.49,646.28 1 0
github.com/KonradHerman/roundtable/internal/games/werewolf/game.go:646.28,648.5 1 0
github.com/KonradHerman/roundtable/internal/games/werewolf/game.go:650.3,650.52 1 0
github.com/KonradHerman/roundtable/internal/games/werewolf/game.go:651.8,653.49 1 0
github.com/KonradHerman/roundtable/internal/games/werewolf/game.go:653.49,654.29 1 0
github.com/KonradHerman/roundtable/internal/games/werewolf/game.go:654.29,656.5 1 0
github.com/KonradHerman/roundtable/internal/games/werewolf/game.go:658.3,658.40 1 0
github.com/KonradHerman/roundtable/internal/games/werewolf/game.go:662.2,662.38 1 0
github.com/KonradHerman/roundtable/internal/games/werewolf/game.go:662.38,663.48 1 0
github.com/KonradHerman/roundtable/internal/games/werewolf/game.go:663.48,666.9 3 0
github.com/KonradHerman/roundtable/internal/games/werewolf/game.go:670.2,678.3 1 0
github.com/KonradHerman/roundtable/internal/games/werewolf/game.go:683.57,685.54 2 0
github.com/KonradHerman/roundtable/internal/games/werewolf/game.go:685.54,686.25 1 0
github.com/KonradHerman/roundtable/internal/games/werewolf/game.go:686.25,688.4 1 0
github.com/KonradHerman/roundtable/internal/games/werewolf/game.go:690.2,690.16 1 0
github.com/KonradHerman/roundtable/internal/games/werewolf/game.go:693.52,695.33 2 1
github.com/KonradHerman/roundtable/internal/games/werewolf/game.go:695.33,697.3 1 1
github.com/KonradHerman/roundtable/internal/games/werewolf/game.go:698.2,698.12 1 1
github.com/KonradHerman/roundtable/internal/games/werewolf/game.go:703.43,705.29 2 1
github.com/KonradHerman/roundtable/internal/games/werewolf/game.go:705.29,708.17 2 1
github.com/KonradHerman/roundtable/internal/games/werewolf/game.go:708.17,710.67 1 0
github.com/KonradHerman/roundtable/internal/games/werewolf/game.go:712.3,713.42 2 1
github.com/KonradHerman/roundtable/internal/games/werewolf/narration.go:7.68,12.35 3 0
github.com/KonradHerman/roundtable/internal/games/werewolf/narration.go:12.35,14.3 1 0
github.com/KonradHerman/roundtable/internal/games/werewolf/narration.go:17.2,65.37 2 0
github.com/KonradHerman/roundtable/internal/games/werewolf/narration.go:65.37,66.29 1 0
github.com/KonradHerman/roundtable/internal/games/werewolf/narration.go:66.29,72.4 1 0
github.com/KonradHerman/roundtable/internal/games/werewolf/narration.go:76.2,76.41 1 0
github.com/KonradHerman/roundtable/internal/games/werewolf/narration.go:76.41,78.3 1 0
github.com/KonradHerman/roundtable/internal/games/werewolf/narration.go:80.2,80.15 1 0
github.com/KonradHerman/roundtable/internal/games/werewolf/narration.go:84.48,99.41 2 0
github.com/KonradHerman/roundtable/internal/games/werewolf/narration.go:99.41,101.3 1 0
github.com/KonradHerman/roundtable/internal/games/werewolf/narration.go:102.2,102.49 1 0
github.com/KonradHerman/roundtable/internal/games/werewolf/phases.go:11.59,12.32 1 0
github.com/KonradHerman/roundtable/internal/games/werewolf/phases.go:12.32,14.3 1 0
github.com/KonradHerman/roundtable/internal/games/werewolf/phases.go:17.2,17.50 1 0
github.com/KonradHerman/roundtable/internal/games/werewolf/phases.go:17.50,19.3 1 0
github.com/KonradHerman/roundtable/internal/games/werewolf/phases.go:21.2,40.25 7 0
github.com/KonradHerman/roundtable/internal/games/werewolf/phases.go:40.25,41.33 1 0
github.com/KonradHerman/roundtable/internal/games/werewolf/phases.go:41.33,43.37 2 0
github.com/KonradHerman/roundtable/internal/games/werewolf/phases.go:43.37,44.20 1 0
github.com/KonradHerman/roundtable/internal/games/werewolf/phases.go:44.20,46.6 1 0
github.com/KonradHerman/roundtable/internal/games/werewolf/phases.go:48.4,51.40 2 0
github.com/KonradHerman/roundtable/internal/games/werewolf/phases.go:56.2,57.21 2 0
github.com/KonradHerman/roundtable/internal/games/werewolf/phases.go:57.21,58.32 1 0
github.com/KonradHerman/roundtable/internal/games/werewolf/phases.go:58.32,60.33 2 0
github.com/KonradHerman/roundtable/internal/games/werewolf/phases.go:60.33,61.23 1 0
github.com/KonradHerman/roundtable/internal/games/werewolf/phases.go:61.23,63.6 1 0
github.com/KonradHerman/roundtable/internal/games/werewolf/phases.go:65.4,68.40 2 0
github.com/KonradHerman/roundtable/internal/games/werewolf/phases.go:73.2,74.41 2 0
github.com/KonradHerman/roundtable/internal/games/werewolf/phases.go:74.41,76.3 1 0
github.com/KonradHerman/roundtable/internal/games/werewolf/phases.go:77.2,82.20 3 0
github.com/KonradHerman/roundtable/internal/games/werewolf/phases.go:82.20,87.3 2 0
github.com/KonradHerman/roundtable/internal/games/werewolf/phases.go:89.2,89.20 1 0
github.com/KonradHerman/roundtable/internal/games/werewolf/phases.go:93.57,94.27 1 0
github.com/KonradHerman/roundtable/internal/games/werewolf/phases.go:94.27,96.3 1 0
github.com/KonradHerman/roundtable/internal/games/werewolf/phases.go:98.2,101.48 2 0
github.com/KonradHerman/roundtable/internal/games/werewolf/phases.go:101.48,102.49 1 0
github.com/KonradHerman/roundtable/internal/games/werewolf/phases.go:102.49,109.4 3 0
github.com/KonradHerman/roundtable/internal/games/werewolf/phases.go:112.2,124.20 6 0
github.com/KonradHerman/roundtable/internal/games/werewolf/phases.go:128.91,129.25 1 0
github.com/KonradHerman/roundtable/internal/games/werewolf/phases.go:129.25,131.3 1 0
github.com/KonradHerman/roundtable/internal/games/werewolf/phases.go:133.2,137.12 4 0
github.com/KonradHerman/roundtable/internal/games/werewolf/phases.go:137.12,141.3 3 0
github.com/KonradHerman/roundtable/internal/games/werewolf/phases.go:143.2,149.20 3 0
github.com/KonradHerman/roundtable/internal/games/werewolf/phases.go:153.67,154.25 1 0
github.com/KonradHerman/roundtable/internal/games/werewolf/phases.go:154.25,156.3 1 0
github.com/KonradHerman/roundtable/internal/games/werewolf/phases.go:158.2,158.20 1 0
github.com/KonradHerman/roundtable/internal/games/werewolf/phases.go:158.20,160.3 1 0
github.com/KonradHerman/roundtable/internal/games/werewolf/phases.go:162.2,172.20 5 0
github.com/KonradHerman/roundtable/internal/games/werewolf/phases.go:176.62,178.42 1 0
github.com/KonradHerman/roundtable/internal/games/werewolf/phases.go:178.42,180.31 2 0
github.com/KonradHerman/roundtable/internal/games/werewolf/phases.go:180.31,184.4 1 0
github.com/KonradHerman/roundtable/internal/games/werewolf/phases.go:187.2,187.17 1 0
github.com/KonradHerman/roundtable/internal/util/codegen.go:11.32,18.22 5 0
github.com/KonradHerman/roundtable/internal/util/codegen.go:18.22,20.17 2 0
github.com/KonradHerman/roundtable/internal/util/codegen.go:20.17,23.12 2 0
github.com/KonradHerman/roundtable/internal/util/codegen.go:25.3,25.33 1 0
github.com/KonradHerman/roundtable/internal/util/codegen.go:28.2,28.21 1 0
github.com/KonradHerman/roundtable/internal/store/memory.go:19.36,23.2 1 0
github.com/KonradHerman/roundtable/internal/store/memory.go:26.57,30.43 3 0
github.com/KonradHerman/roundtable/internal/store/memory.go:30.43,32.3 1 0
github.com/KonradHerman/roundtable/internal/store/memory.go:34.2,35.12 2 0
github.com/KonradHerman/roundtable/internal/store/memory.go:39.68,44.13 4 0
github.com/KonradHerman/roundtable/internal/store/memory.go:44.13,46.3 1 0
github.com/KonradHerman/roundtable/internal/store/memory.go:48.2,48.18 1 0
github.com/KonradHerman/roundtable/internal/store/memory.go:54.57,58.44 3 0
github.com/KonradHerman/roundtable/internal/store/memory.go:58.44,60.3 1 0
github.com/KonradHerman/roundtable/internal/store/memory.go:63.2,63.12 1 0
github.com/KonradHerman/roundtable/internal/store/memory.go:67.57,71.45 3 0
github.com/KonradHerman/roundtable/internal/store/memory.go:71.45,73.3 1 0
github.com/KonradHerman/roundtable/internal/store/memory.go:75.2,76.12 2 0
github.com/KonradHerman/roundtable/internal/store/memory.go:80.57,85.31 4 0
github.com/KonradHerman/roundtable/internal/store/memory.go:85.31,87.3 1 0
github.com/KonradHerman/roundtable/internal/store/memory.go:89.2,89.19 1 0
github.com/KonradHerman/roundtable/internal/store/memory.go:93.49,101.38 5 0
github.com/KonradHerman/roundtable/internal/store/memory.go:101.38,106.79 2 0
github.com/KonradHerman/roundtable/internal/store/memory.go:106.79,108.12 2 0
github.com/KonradHerman/roundtable/internal/store/memory.go:112.3,112.60 1 0
github.com/KonradHerman/roundtable/internal/store/memory.go:112.60,114.4 1 0
github.com/KonradHerman/roundtable/internal/store/memory.go:117.2,117.36 1 0
github.com/KonradHerman/roundtable/internal/store/memory.go:117.36,119.3 1 0
github.com/KonradHerman/roundtable/internal/store/memory.go:121.2,121.12 1 0
github.com/KonradHerman/roundtable/internal/server/handlers.go:26.43,32.2 1 1
github.com/KonradHerman/roundtable/internal/server/handlers.go:35.57,37.2 1 0
github.com/KonradHerman/roundtable/internal/server/handlers.go:54.75,55.33 1 1
github.com/KonradHerman/roundtable/internal/server/handlers.go:55.33,58.3 2 1
github.com/KonradHerman/roundtable/internal/server/handlers.go:61.2,64.61 3 1
github.com/KonradHerman/roundtable/internal/server/handlers.go:64.61,67.3 2 1
github.com/KonradHerman/roundtable/internal/server/handlers.go:70.2,70.48 1 1
github.com/KonradHerman/roundtable/internal/server/handlers.go:70.48,73.3 2 1
github.com/KonradHerman/roundtable/internal/server/handlers.go:76.2,76.25 1 1
github.com/KonradHerman/roundtable/internal/server/handlers.go:76.25,78.3 1 1
github.com/KonradHerman/roundtable/internal/server/handlers.go:81.2,90.49 4 1
github.com/KonradHerman/roundtable/internal/server/handlers.go:90.49,94.3 3 0
github.com/KonradHerman/roundtable/internal/server/handlers.go:97.2,118.33 6 1
github.com/KonradHerman/roundtable/internal/server/handlers.go:134.73,135.33 1 1
github.com/KonradHerman/roundtable/internal/server/handlers.go:135.33,138.3 2 1
github.com/KonradHerman/roundtable/internal/server/handlers.go:141.2,146.20 3 1
github.com/KonradHerman/roundtable/internal/server/handlers.go:146.20,149.3 2 0
github.com/KonradHerman/roundtable/internal/server/handlers.go:151.2,152.61 2 1
github.com/KonradHerman/roundtable/internal/server/handlers.go:152.61,155.3 2 0
github.com/KonradHerman/roundtable/internal/server/handlers.go:157.2,157.27 1 1
github.com/KonradHerman/roundtable/internal/server/handlers.go:157.27,160.3 2 1
github.com/KonradHerman/roundtable/internal/server/handlers.go:163.2,164.16 2 1
github.com/KonradHerman/roundtable/internal/server/handlers.go:164.16,167.3 2 1
github.com/KonradHerman/roundtable/internal/server/handlers.go:170.2,173.47 2 1
github.com/KonradHerman/roundtable/internal/server/handlers.go:173.47,176.3 2 1
github.com/KonradHerman/roundtable/internal/server/handlers.go:179.2,203.33 8 1
github.com/KonradHerman/roundtable/internal/server/handlers.go:212.74,213.33 1 0
github.com/KonradHerman/roundtable/internal/server/handlers.go:213.33,216.3 2 0
github.com/KonradHerman/roundtable/internal/server/handlers.go:219.2,223.20 3 0
github.com/KonradHerman/roundtable/internal/server/handlers.go:223.20,226.3 2 0
github.com/KonradHerman/roundtable/internal/server/handlers.go:228.2,229.61 2 0
github.com/KonradHerman/roundtable/internal/server/handlers.go:229.61,232.3 2 0
github.com/KonradHerman/roundtable/internal/server/handlers.go:235.2,236.16 2 0
github.com/KonradHerman/roundtable/internal/server/handlers.go:236.16,239.3 2 0
github.com/KonradHerman/roundtable/internal/server/handlers.go:242.2,243.16 2 0
github.com/KonradHerman/roundtable/internal/server/handlers.go:243.16,246.3 2 0
github.com/KonradHerman/roundtable/internal/server/handlers.go:249.2,250.16 2 0
github.com/KonradHerman/roundtable/internal/server/handlers.go:250.16,253.3 2 0
github.com/KonradHerman/roundtable/internal/server/handlers.go:256.2,259.53 2 0
github.com/KonradHerman/roundtable/internal/server/handlers.go:259.53,262.3 2 0
github.com/KonradHerman/roundtable/internal/server/handlers.go:265.2,266.34 2 0
github.com/KonradHerman/roundtable/internal/server/handlers.go:266.34,268.3 1 0
github.com/KonradHerman/roundtable/internal/server/handlers.go:270.2,275.67 4 0
github.com/KonradHerman/roundtable/internal/server/handlers.go:279.74,280.33 1 0
github.com/KonradHerman/roundtable/internal/server/handlers.go:280.33,283.3 2 0
github.com/KonradHerman/roundtable/internal/server/handlers.go:286.2,287.20 2 0
github.com/KonradHerman/roundtable/internal/server/handlers.go:287.20,290.3 2 0
github.com/KonradHerman/roundtable/internal/server/handlers.go:293.2,294.16 2 0
github.com/KonradHerman/roundtable/internal/server/handlers.go:294.16,297.3 2 0
github.com/KonradHerman/roundtable/internal/server/handlers.go:300.2,300.41 1 0
github.com/KonradHerman/roundtable/internal/server/handlers.go:300.41,303.3 2 0
github.com/KonradHerman/roundtable/internal/server/handlers.go:306.2,313.65 5 0
github.com/KonradHerman/roundtable/internal/server/handlers.go:317.74,320.20 2 0
github.com/KonradHerman/roundtable/internal/server/handlers.go:320.20,323.3 2 0
github.com/KonradHerman/roundtable/internal/server/handlers.go:326.2,326.53 1 0
github.com/KonradHerman/roundtable/internal/server/handlers.go:326.53,329.3 2 0
github.com/KonradHerman/roundtable/internal/server/handlers.go:332.2,338.16 3 0
github.com/KonradHerman/roundtable/internal/server/handlers.go:338.16,341.3 2 0
github.com/KonradHerman/roundtable/internal/server/handlers.go:344.2,344.57 1 0
github.com/KonradHerman/roundtable/internal/server/handlers.go:348.72,349.32 1 1
github.com/KonradHerman/roundtable/internal/server/handlers.go:349.32,352.3 2 0
github.com/KonradHerman/roundtable/internal/server/handlers.go:354.2,355.20 2 1
github.com/KonradHerman/roundtable/internal/server/handlers.go:355.20,358.3 2 0
github.com/KonradHerman/roundtable/internal/server/handlers.go:360.2,361.16 2 1
github.com/KonradHerman/roundtable/internal/server/handlers.go:361.16,364.3 2 1
github.com/KonradHerman/roundtable/internal/server/handlers.go:366.2,367.44 2 1
github.com/KonradHerman/roundtable/internal/server/handlers.go:371.37,373.22 2 0
github.com/KonradHerman/roundtable/internal/server/handlers.go:373.22,376.3 1 0
github.com/KonradHerman/roundtable/internal/server/handlers.go:379.2,381.33 2 0
github.com/KonradHerman/roundtable/internal/server/handlers.go:381.33,383.3 1 0
github.com/KonradHerman/roundtable/internal/server/handlers.go:385.2,385.16 1 0
github.com/KonradHerman/roundtable/internal/server/messages.go:76.83,78.16 2 1
github.com/KonradHerman/roundtable/internal/server/messages.go:78.16,80.3 1 0
github.com/KonradHerman/roundtable/internal/server/messages.go:82.2,85.8 1 1
github.com/KonradHerman/roundtable/internal/server/messages.go:88.96,93.2 1 0
github.com/KonradHerman/roundtable/internal/server/messages.go:95.75,99.2 1 1
github.com/KonradHerman/roundtable/internal/server/messages.go:101.67,105.2 1 1
github.com/KonradHerman/roundtable/internal/server/messages.go:107.71,111.2 1 0
github.com/KonradHerman/roundtable/internal/server/messages.go:113.60,117.2 1 0
github.com/KonradHerman/roundtable/internal/server/messages.go:119.46,121.2 1 0
github.com/KonradHerman/roundtable/internal/server/websocket.go:26.65,31.2 1 1
github.com/KonradHerman/roundtable/internal/server/websocket.go:44.107,55.61 4 0
github.com/KonradHerman/roundtable/internal/server/websocket.go:55.61,59.3 3 0
github.com/KonradHerman/roundtable/internal/server/websocket.go:61.2,61.43 1 0
github.com/KonradHerman/roundtable/internal/server/websocket.go:61.43,65.3 3 0
github.com/KonradHerman/roundtable/internal/server/websocket.go:67.2,68.70 2 0
github.com/KonradHerman/roundtable/internal/server/websocket.go:68.70,72.3 3 0
github.com/KonradHerman/roundtable/internal/server/websocket.go:75.2,76.16 2 0
github.com/KonradHerman/roundtable/internal/server/websocket.go:76.16,80.3 3 0
github.com/KonradHerman/roundtable/internal/server/websocket.go:82.2,83.16 2 0
github.com/KonradHerman/roundtable/internal/server/websocket.go:83.16,87.3 3 0
github.com/KonradHerman/roundtable/internal/server/websocket.go:90.2,106.63 5 0
github.com/KonradHerman/roundtable/internal/server/websocket.go:106.63,108.3 1 0
github.com/KonradHerman/roundtable/internal/server/websocket.go:109.2,124.21 7 0
github.com/KonradHerman/roundtable/internal/server/websocket.go:124.21,127.3 2 0
github.com/KonradHerman/roundtable/internal/server/websocket.go:130.2,130.43 1 0
github.com/KonradHerman/roundtable/internal/server/websocket.go:130.43,136.3 3 0
github.com/KonradHerman/roundtable/internal/server/websocket.go:139.2,143.39 3 0
github.com/KonradHerman/roundtable/internal/server/websocket.go:147.71,150.6 2 0
github.com/KonradHerman/roundtable/internal/server/websocket.go:150.6,158.17 5 0
github.com/KonradHerman/roundtable/internal/server/websocket.go:158.17,159.26 1 0
github.com/KonradHerman/roundtable/internal/server/websocket.go:159.26,162.5 1 0
github.com/KonradHerman/roundtable/internal/server/websocket.go:163.4,164.10 2 0
github.com/KonradHerman/roundtable/internal/server/websocket.go:168.3,168.39 1 0
github.com/KonradHerman/roundtable/internal/server/websocket.go:173.34,177.6 3 0
github.com/KonradHerman/roundtable/internal/server/websocket.go:177.6,178.10 1 0
github.com/KonradHerman/roundtable/internal/server/websocket.go:179.24,184.18 4 0
github.com/KonradHerman/roundtable/internal/server/websocket.go:184.18,187.5 2 0
github.com/KonradHerman/roundtable/internal/server/websocket.go:189.19,195.18 4 0
github.com/KonradHerman/roundtable/internal/server/websocket.go:195.18,198.5 2 0
github.com/KonradHerman/roundtable/internal/server/websocket.go:200.23,201.10 1 0
github.com/KonradHerman/roundtable/internal/server/websocket.go:207.104,208.18 1 0
github.com/KonradHerman/roundtable/internal/server/websocket.go:209.21,211.20 2 0
github.com/KonradHerman/roundtable/internal/server/websocket.go:213.23,215.69 2 0
github.com/KonradHerman/roundtable/internal/server/websocket.go:215.69,219.4 3 0
github.com/KonradHerman/roundtable/internal/server/websocket.go:222.3,223.17 2 0
github.com/KonradHerman/roundtable/internal/server/websocket.go:223.17,227.4 3 0
github.com/KonradHerman/roundtable/internal/server/websocket.go:230.3,230.32 1 0
github.com/KonradHerman/roundtable/internal/server/websocket.go:230.32,232.4 1 0
github.com/KonradHerman/roundtable/internal/server/websocket.go:234.10,236.22 2 0
github.com/KonradHerman/roundtable/internal/server/websocket.go:241.82,248.19 5 0
github.com/KonradHerman/roundtable/internal/server/websocket.go:248.19,255.3 2 0
github.com/KonradHerman/roundtable/internal/server/websocket.go:259.30,262.2 2 0
github.com/KonradHerman/roundtable/internal/server/websocket.go:265.84,267.16 2 1
github.com/KonradHerman/roundtable/internal/server/websocket.go:267.16,270.3 2 0
github.com/KonradHerman/roundtable/internal/server/websocket.go:272.2,277.43 4 1
github.com/KonradHerman/roundtable/internal/server/websocket.go:277.43,278.37 1 1
github.com/KonradHerman/roundtable/internal/server/websocket.go:278.37,279.12 1 0
github.com/KonradHerman/roundtable/internal/server/websocket.go:282.3,283.43 2 1
github.com/KonradHerman/roundtable/internal/server/websocket.go:283.43,284.12 1 1
github.com/KonradHerman/roundtable/internal/server/websocket.go:287.3,287.10 1 0
github.com/KonradHerman/roundtable/internal/server/websocket.go:288.30,288.30 0 0
github.com/KonradHerman/roundtable/internal/server/websocket.go:289.11,290.86 1 0
github.com/KonradHerman/roundtable/internal/server/websocket.go:296.66,298.16 2 1
github.com/KonradHerman/roundtable/internal/server/websocket.go:298.16,301.3 2 0
github.com/KonradHerman/roundtable/internal/server/websocket.go:303.2,308.43 4 1
github.com/KonradHerman/roundtable/internal/server/websocket.go:308.43,310.43 2 1
github.com/KonradHerman/roundtable/internal/server/websocket.go:310.43,311.12 1 1
github.com/KonradHerman/roundtable/internal/server/websocket.go:314.3,314.10 1 0
github.com/KonradHerman/roundtable/internal/server/websocket.go:315.30,315.30 0 0
github.com/KonradHerman/roundtable/internal/server/websocket.go:316.11,317.91 1 0
